{"C:\\Users\\Andela\\Desktop\\musirikare backend\\fidele server\\index.js": {"path":"C:\\Users\\Andela\\Desktop\\musirikare backend\\fidele server\\index.js","statementMap":{"0":{"start":{"line":2,"column":16},"end":{"line":2,"column":34}},"1":{"start":{"line":3,"column":12},"end":{"line":3,"column":21}},"2":{"start":{"line":4,"column":19},"end":{"line":4,"column":41}},"3":{"start":{"line":5,"column":20},"end":{"line":5,"column":52}},"4":{"start":{"line":6,"column":20},"end":{"line":6,"column":53}},"5":{"start":{"line":7,"column":22},"end":{"line":7,"column":59}},"6":{"start":{"line":9,"column":0},"end":{"line":9,"column":26}},"7":{"start":{"line":12,"column":0},"end":{"line":12,"column":27}},"8":{"start":{"line":13,"column":0},"end":{"line":13,"column":48}},"9":{"start":{"line":15,"column":0},"end":{"line":17,"column":2}},"10":{"start":{"line":16,"column":4},"end":{"line":16,"column":51}},"11":{"start":{"line":18,"column":0},"end":{"line":18,"column":34}},"12":{"start":{"line":19,"column":0},"end":{"line":19,"column":34}},"13":{"start":{"line":20,"column":0},"end":{"line":20,"column":40}},"14":{"start":{"line":28,"column":0},"end":{"line":28,"column":21}}},"fnMap":{"0":{"name":"(anonymous_0)","decl":{"start":{"line":15,"column":12},"end":{"line":15,"column":13}},"loc":{"start":{"line":15,"column":23},"end":{"line":17,"column":1}},"line":15}},"branchMap":{},"s":{"0":1,"1":1,"2":1,"3":1,"4":1,"5":1,"6":1,"7":1,"8":1,"9":1,"10":0,"11":1,"12":1,"13":1,"14":1},"f":{"0":0},"b":{},"_coverageSchema":"1a1c01bbd47fc00a2c39e90264f33305004495a9","hash":"e17cc32accdb70a22bbedb9cc5b9960f4ffeba10"}
,"C:\\Users\\Andela\\Desktop\\musirikare backend\\fidele server\\controllers\\blogs.controller.js": {"path":"C:\\Users\\Andela\\Desktop\\musirikare backend\\fidele server\\controllers\\blogs.controller.js","statementMap":{"0":{"start":{"line":1,"column":13},"end":{"line":1,"column":45}},"1":{"start":{"line":2,"column":22},"end":{"line":2,"column":46}},"2":{"start":{"line":3,"column":18},"end":{"line":3,"column":46}},"3":{"start":{"line":4,"column":10},"end":{"line":4,"column":27}},"4":{"start":{"line":5,"column":23},"end":{"line":5,"column":47}},"5":{"start":{"line":6,"column":20},"end":{"line":6,"column":56}},"6":{"start":{"line":7,"column":15},"end":{"line":7,"column":47}},"7":{"start":{"line":10,"column":0},"end":{"line":39,"column":1}},"8":{"start":{"line":11,"column":15},"end":{"line":11,"column":41}},"9":{"start":{"line":12,"column":18},"end":{"line":12,"column":28}},"10":{"start":{"line":14,"column":4},"end":{"line":14,"column":30}},"11":{"start":{"line":15,"column":4},"end":{"line":15,"column":35}},"12":{"start":{"line":16,"column":4},"end":{"line":16,"column":42}},"13":{"start":{"line":17,"column":4},"end":{"line":17,"column":39}},"14":{"start":{"line":19,"column":4},"end":{"line":38,"column":6}},"15":{"start":{"line":20,"column":8},"end":{"line":35,"column":10}},"16":{"start":{"line":21,"column":12},"end":{"line":34,"column":27}},"17":{"start":{"line":37,"column":8},"end":{"line":37,"column":35}},"18":{"start":{"line":41,"column":0},"end":{"line":51,"column":1}},"19":{"start":{"line":42,"column":4},"end":{"line":50,"column":5}},"20":{"start":{"line":43,"column":22},"end":{"line":43,"column":39}},"21":{"start":{"line":45,"column":8},"end":{"line":45,"column":88}},"22":{"start":{"line":45,"column":32},"end":{"line":45,"column":88}},"23":{"start":{"line":47,"column":8},"end":{"line":47,"column":44}},"24":{"start":{"line":49,"column":8},"end":{"line":49,"column":57}},"25":{"start":{"line":54,"column":0},"end":{"line":72,"column":1}},"26":{"start":{"line":55,"column":4},"end":{"line":70,"column":6}},"27":{"start":{"line":56,"column":8},"end":{"line":69,"column":10}},"28":{"start":{"line":57,"column":12},"end":{"line":68,"column":26}},"29":{"start":{"line":74,"column":0},"end":{"line":125,"column":1}},"30":{"start":{"line":75,"column":16},"end":{"line":75,"column":36}},"31":{"start":{"line":77,"column":4},"end":{"line":86,"column":5}},"32":{"start":{"line":78,"column":8},"end":{"line":78,"column":56}},"33":{"start":{"line":81,"column":5},"end":{"line":85,"column":22}},"34":{"start":{"line":89,"column":14},"end":{"line":89,"column":40}},"35":{"start":{"line":90,"column":4},"end":{"line":96,"column":5}},"36":{"start":{"line":91,"column":8},"end":{"line":95,"column":23}},"37":{"start":{"line":98,"column":18},"end":{"line":104,"column":5}},"38":{"start":{"line":106,"column":4},"end":{"line":124,"column":6}},"39":{"start":{"line":107,"column":8},"end":{"line":120,"column":22}},"40":{"start":{"line":123,"column":8},"end":{"line":123,"column":34}},"41":{"start":{"line":127,"column":0},"end":{"line":166,"column":1}},"42":{"start":{"line":128,"column":16},"end":{"line":128,"column":36}},"43":{"start":{"line":131,"column":8},"end":{"line":131,"column":56}},"44":{"start":{"line":133,"column":4},"end":{"line":137,"column":22}},"45":{"start":{"line":133,"column":14},"end":{"line":137,"column":22}},"46":{"start":{"line":140,"column":14},"end":{"line":140,"column":40}},"47":{"start":{"line":141,"column":4},"end":{"line":147,"column":5}},"48":{"start":{"line":142,"column":8},"end":{"line":146,"column":23}},"49":{"start":{"line":149,"column":2},"end":{"line":165,"column":6}},"50":{"start":{"line":150,"column":8},"end":{"line":162,"column":22}},"51":{"start":{"line":164,"column":8},"end":{"line":164,"column":24}}},"fnMap":{"0":{"name":"(anonymous_0)","decl":{"start":{"line":10,"column":21},"end":{"line":10,"column":22}},"loc":{"start":{"line":10,"column":37},"end":{"line":39,"column":1}},"line":10},"1":{"name":"(anonymous_1)","decl":{"start":{"line":19,"column":24},"end":{"line":19,"column":25}},"loc":{"start":{"line":19,"column":38},"end":{"line":36,"column":5}},"line":19},"2":{"name":"(anonymous_2)","decl":{"start":{"line":20,"column":49},"end":{"line":20,"column":50}},"loc":{"start":{"line":20,"column":65},"end":{"line":35,"column":9}},"line":20},"3":{"name":"(anonymous_3)","decl":{"start":{"line":36,"column":13},"end":{"line":36,"column":14}},"loc":{"start":{"line":36,"column":22},"end":{"line":38,"column":5}},"line":36},"4":{"name":"(anonymous_4)","decl":{"start":{"line":41,"column":18},"end":{"line":41,"column":19}},"loc":{"start":{"line":41,"column":38},"end":{"line":51,"column":1}},"line":41},"5":{"name":"(anonymous_5)","decl":{"start":{"line":54,"column":22},"end":{"line":54,"column":23}},"loc":{"start":{"line":54,"column":38},"end":{"line":72,"column":1}},"line":54},"6":{"name":"(anonymous_6)","decl":{"start":{"line":55,"column":50},"end":{"line":55,"column":51}},"loc":{"start":{"line":55,"column":64},"end":{"line":70,"column":5}},"line":55},"7":{"name":"(anonymous_7)","decl":{"start":{"line":56,"column":52},"end":{"line":56,"column":53}},"loc":{"start":{"line":56,"column":62},"end":{"line":69,"column":9}},"line":56},"8":{"name":"(anonymous_8)","decl":{"start":{"line":74,"column":21},"end":{"line":74,"column":22}},"loc":{"start":{"line":74,"column":37},"end":{"line":125,"column":1}},"line":74},"9":{"name":"(anonymous_9)","decl":{"start":{"line":106,"column":47},"end":{"line":106,"column":48}},"loc":{"start":{"line":106,"column":62},"end":{"line":122,"column":5}},"line":106},"10":{"name":"(anonymous_10)","decl":{"start":{"line":122,"column":13},"end":{"line":122,"column":14}},"loc":{"start":{"line":122,"column":19},"end":{"line":124,"column":5}},"line":122},"11":{"name":"(anonymous_11)","decl":{"start":{"line":127,"column":21},"end":{"line":127,"column":22}},"loc":{"start":{"line":127,"column":37},"end":{"line":166,"column":1}},"line":127},"12":{"name":"(anonymous_12)","decl":{"start":{"line":149,"column":36},"end":{"line":149,"column":37}},"loc":{"start":{"line":149,"column":50},"end":{"line":163,"column":5}},"line":149},"13":{"name":"(anonymous_13)","decl":{"start":{"line":163,"column":13},"end":{"line":163,"column":14}},"loc":{"start":{"line":163,"column":22},"end":{"line":165,"column":5}},"line":163}},"branchMap":{"0":{"loc":{"start":{"line":45,"column":8},"end":{"line":45,"column":88}},"type":"if","locations":[{"start":{"line":45,"column":8},"end":{"line":45,"column":88}},{"start":{"line":45,"column":8},"end":{"line":45,"column":88}}],"line":45},"1":{"loc":{"start":{"line":90,"column":4},"end":{"line":96,"column":5}},"type":"if","locations":[{"start":{"line":90,"column":4},"end":{"line":96,"column":5}},{"start":{"line":90,"column":4},"end":{"line":96,"column":5}}],"line":90},"2":{"loc":{"start":{"line":90,"column":7},"end":{"line":90,"column":55}},"type":"binary-expr","locations":[{"start":{"line":90,"column":7},"end":{"line":90,"column":27}},{"start":{"line":90,"column":31},"end":{"line":90,"column":55}}],"line":90},"3":{"loc":{"start":{"line":133,"column":4},"end":{"line":137,"column":22}},"type":"if","locations":[{"start":{"line":133,"column":4},"end":{"line":137,"column":22}},{"start":{"line":133,"column":4},"end":{"line":137,"column":22}}],"line":133},"4":{"loc":{"start":{"line":141,"column":4},"end":{"line":147,"column":5}},"type":"if","locations":[{"start":{"line":141,"column":4},"end":{"line":147,"column":5}},{"start":{"line":141,"column":4},"end":{"line":147,"column":5}}],"line":141},"5":{"loc":{"start":{"line":141,"column":7},"end":{"line":141,"column":55}},"type":"binary-expr","locations":[{"start":{"line":141,"column":7},"end":{"line":141,"column":27}},{"start":{"line":141,"column":31},"end":{"line":141,"column":55}}],"line":141}},"s":{"0":1,"1":1,"2":1,"3":1,"4":1,"5":1,"6":1,"7":1,"8":0,"9":0,"10":0,"11":0,"12":0,"13":0,"14":0,"15":0,"16":0,"17":0,"18":1,"19":0,"20":0,"21":0,"22":0,"23":0,"24":0,"25":1,"26":0,"27":0,"28":0,"29":1,"30":0,"31":0,"32":0,"33":0,"34":0,"35":0,"36":0,"37":0,"38":0,"39":0,"40":0,"41":1,"42":0,"43":0,"44":0,"45":0,"46":0,"47":0,"48":0,"49":0,"50":0,"51":0},"f":{"0":0,"1":0,"2":0,"3":0,"4":0,"5":0,"6":0,"7":0,"8":0,"9":0,"10":0,"11":0,"12":0,"13":0},"b":{"0":[0,0],"1":[0,0],"2":[0,0],"3":[0,0],"4":[0,0],"5":[0,0]},"_coverageSchema":"1a1c01bbd47fc00a2c39e90264f33305004495a9","hash":"33dd2e4e14377329fba5d55f1f29599644de18de"}
,"C:\\Users\\Andela\\Desktop\\musirikare backend\\fidele server\\controllers\\inquiries.controller.js": {"path":"C:\\Users\\Andela\\Desktop\\musirikare backend\\fidele server\\controllers\\inquiries.controller.js","statementMap":{"0":{"start":{"line":1,"column":26},"end":{"line":1,"column":75}},"1":{"start":{"line":2,"column":18},"end":{"line":2,"column":52}},"2":{"start":{"line":3,"column":23},"end":{"line":3,"column":47}},"3":{"start":{"line":6,"column":0},"end":{"line":34,"column":1}},"4":{"start":{"line":8,"column":15},"end":{"line":8,"column":23}},"5":{"start":{"line":15,"column":17},"end":{"line":15,"column":30}},"6":{"start":{"line":16,"column":7},"end":{"line":16,"column":32}},"7":{"start":{"line":17,"column":7},"end":{"line":17,"column":34}},"8":{"start":{"line":18,"column":7},"end":{"line":18,"column":38}},"9":{"start":{"line":19,"column":7},"end":{"line":19,"column":45}},"10":{"start":{"line":20,"column":7},"end":{"line":33,"column":9}},"11":{"start":{"line":21,"column":11},"end":{"line":26,"column":25}},"12":{"start":{"line":28,"column":11},"end":{"line":32,"column":25}},"13":{"start":{"line":37,"column":0},"end":{"line":51,"column":1}},"14":{"start":{"line":38,"column":5},"end":{"line":50,"column":7}},"15":{"start":{"line":39,"column":9},"end":{"line":43,"column":23}},"16":{"start":{"line":45,"column":9},"end":{"line":49,"column":23}},"17":{"start":{"line":53,"column":0},"end":{"line":69,"column":1}},"18":{"start":{"line":54,"column":17},"end":{"line":54,"column":34}},"19":{"start":{"line":56,"column":4},"end":{"line":68,"column":6}},"20":{"start":{"line":57,"column":8},"end":{"line":61,"column":22}},"21":{"start":{"line":63,"column":8},"end":{"line":67,"column":22}},"22":{"start":{"line":71,"column":0},"end":{"line":87,"column":1}},"23":{"start":{"line":72,"column":13},"end":{"line":72,"column":26}},"24":{"start":{"line":74,"column":4},"end":{"line":86,"column":6}},"25":{"start":{"line":75,"column":8},"end":{"line":79,"column":22}},"26":{"start":{"line":81,"column":8},"end":{"line":85,"column":22}},"27":{"start":{"line":89,"column":0},"end":{"line":143,"column":1}},"28":{"start":{"line":90,"column":13},"end":{"line":90,"column":26}},"29":{"start":{"line":91,"column":17},"end":{"line":91,"column":34}},"30":{"start":{"line":93,"column":4},"end":{"line":103,"column":5}},"31":{"start":{"line":94,"column":8},"end":{"line":94,"column":52}},"32":{"start":{"line":98,"column":8},"end":{"line":102,"column":22}},"33":{"start":{"line":105,"column":4},"end":{"line":111,"column":5}},"34":{"start":{"line":106,"column":8},"end":{"line":110,"column":22}},"35":{"start":{"line":113,"column":4},"end":{"line":119,"column":5}},"36":{"start":{"line":121,"column":5},"end":{"line":142,"column":7}},"37":{"start":{"line":122,"column":9},"end":{"line":135,"column":23}},"38":{"start":{"line":137,"column":9},"end":{"line":141,"column":11}}},"fnMap":{"0":{"name":"(anonymous_0)","decl":{"start":{"line":6,"column":22},"end":{"line":6,"column":23}},"loc":{"start":{"line":6,"column":40},"end":{"line":34,"column":1}},"line":6},"1":{"name":"(anonymous_1)","decl":{"start":{"line":20,"column":27},"end":{"line":20,"column":28}},"loc":{"start":{"line":20,"column":38},"end":{"line":27,"column":8}},"line":20},"2":{"name":"(anonymous_2)","decl":{"start":{"line":27,"column":16},"end":{"line":27,"column":17}},"loc":{"start":{"line":27,"column":25},"end":{"line":33,"column":8}},"line":27},"3":{"name":"(anonymous_3)","decl":{"start":{"line":37,"column":23},"end":{"line":37,"column":24}},"loc":{"start":{"line":37,"column":41},"end":{"line":51,"column":1}},"line":37},"4":{"name":"(anonymous_4)","decl":{"start":{"line":38,"column":31},"end":{"line":38,"column":32}},"loc":{"start":{"line":38,"column":44},"end":{"line":44,"column":6}},"line":38},"5":{"name":"(anonymous_5)","decl":{"start":{"line":44,"column":14},"end":{"line":44,"column":15}},"loc":{"start":{"line":44,"column":23},"end":{"line":50,"column":6}},"line":44},"6":{"name":"(anonymous_6)","decl":{"start":{"line":53,"column":29},"end":{"line":53,"column":30}},"loc":{"start":{"line":53,"column":47},"end":{"line":69,"column":1}},"line":53},"7":{"name":"(anonymous_7)","decl":{"start":{"line":56,"column":49},"end":{"line":56,"column":50}},"loc":{"start":{"line":56,"column":62},"end":{"line":62,"column":5}},"line":56},"8":{"name":"(anonymous_8)","decl":{"start":{"line":62,"column":13},"end":{"line":62,"column":14}},"loc":{"start":{"line":62,"column":22},"end":{"line":68,"column":5}},"line":62},"9":{"name":"(anonymous_9)","decl":{"start":{"line":71,"column":25},"end":{"line":71,"column":26}},"loc":{"start":{"line":71,"column":43},"end":{"line":87,"column":1}},"line":71},"10":{"name":"(anonymous_10)","decl":{"start":{"line":74,"column":42},"end":{"line":74,"column":43}},"loc":{"start":{"line":74,"column":55},"end":{"line":80,"column":5}},"line":74},"11":{"name":"(anonymous_11)","decl":{"start":{"line":80,"column":13},"end":{"line":80,"column":14}},"loc":{"start":{"line":80,"column":22},"end":{"line":86,"column":5}},"line":80},"12":{"name":"(anonymous_12)","decl":{"start":{"line":89,"column":23},"end":{"line":89,"column":24}},"loc":{"start":{"line":89,"column":41},"end":{"line":143,"column":1}},"line":89},"13":{"name":"(anonymous_13)","decl":{"start":{"line":121,"column":57},"end":{"line":121,"column":58}},"loc":{"start":{"line":121,"column":63},"end":{"line":136,"column":6}},"line":121},"14":{"name":"(anonymous_14)","decl":{"start":{"line":136,"column":14},"end":{"line":136,"column":15}},"loc":{"start":{"line":136,"column":23},"end":{"line":142,"column":6}},"line":136}},"branchMap":{"0":{"loc":{"start":{"line":105,"column":4},"end":{"line":111,"column":5}},"type":"if","locations":[{"start":{"line":105,"column":4},"end":{"line":111,"column":5}},{"start":{"line":105,"column":4},"end":{"line":111,"column":5}}],"line":105},"1":{"loc":{"start":{"line":105,"column":7},"end":{"line":105,"column":33}},"type":"binary-expr","locations":[{"start":{"line":105,"column":7},"end":{"line":105,"column":18}},{"start":{"line":105,"column":22},"end":{"line":105,"column":33}}],"line":105}},"s":{"0":1,"1":1,"2":1,"3":1,"4":0,"5":0,"6":0,"7":0,"8":0,"9":0,"10":0,"11":0,"12":0,"13":1,"14":0,"15":0,"16":0,"17":1,"18":0,"19":0,"20":0,"21":0,"22":1,"23":0,"24":0,"25":0,"26":0,"27":1,"28":0,"29":0,"30":0,"31":0,"32":0,"33":0,"34":0,"35":0,"36":0,"37":0,"38":0},"f":{"0":0,"1":0,"2":0,"3":0,"4":0,"5":0,"6":0,"7":0,"8":0,"9":0,"10":0,"11":0,"12":0,"13":0,"14":0},"b":{"0":[0,0],"1":[0,0]},"_coverageSchema":"1a1c01bbd47fc00a2c39e90264f33305004495a9","hash":"accade1ad502064ff19fd40f6d13ba6bc72746bc"}
,"C:\\Users\\Andela\\Desktop\\musirikare backend\\fidele server\\controllers\\user.controller.js": {"path":"C:\\Users\\Andela\\Desktop\\musirikare backend\\fidele server\\controllers\\user.controller.js","statementMap":{"0":{"start":{"line":1,"column":18},"end":{"line":1,"column":46}},"1":{"start":{"line":2,"column":22},"end":{"line":2,"column":54}},"2":{"start":{"line":3,"column":10},"end":{"line":3,"column":27}},"3":{"start":{"line":4,"column":15},"end":{"line":4,"column":34}},"4":{"start":{"line":5,"column":15},"end":{"line":5,"column":47}},"5":{"start":{"line":6,"column":23},"end":{"line":6,"column":47}},"6":{"start":{"line":7,"column":18},"end":{"line":7,"column":47}},"7":{"start":{"line":8,"column":27},"end":{"line":8,"column":57}},"8":{"start":{"line":10,"column":0},"end":{"line":27,"column":1}},"9":{"start":{"line":11,"column":11},"end":{"line":11,"column":53}},"10":{"start":{"line":12,"column":4},"end":{"line":12,"column":67}},"11":{"start":{"line":12,"column":13},"end":{"line":12,"column":67}},"12":{"start":{"line":14,"column":4},"end":{"line":14,"column":64}},"13":{"start":{"line":15,"column":20},"end":{"line":15,"column":53}},"14":{"start":{"line":16,"column":4},"end":{"line":16,"column":28}},"15":{"start":{"line":17,"column":4},"end":{"line":18,"column":46}},"16":{"start":{"line":19,"column":4},"end":{"line":19,"column":22}},"17":{"start":{"line":20,"column":4},"end":{"line":26,"column":21}},"18":{"start":{"line":29,"column":0},"end":{"line":56,"column":2}},"19":{"start":{"line":30,"column":12},"end":{"line":30,"column":55}},"20":{"start":{"line":32,"column":4},"end":{"line":38,"column":5}},"21":{"start":{"line":33,"column":8},"end":{"line":37,"column":22}},"22":{"start":{"line":40,"column":24},"end":{"line":40,"column":77}},"23":{"start":{"line":41,"column":4},"end":{"line":47,"column":5}},"24":{"start":{"line":42,"column":8},"end":{"line":46,"column":22}},"25":{"start":{"line":48,"column":22},"end":{"line":48,"column":64}},"26":{"start":{"line":49,"column":4},"end":{"line":55,"column":6}},"27":{"start":{"line":58,"column":0},"end":{"line":62,"column":1}},"28":{"start":{"line":59,"column":6},"end":{"line":61,"column":8}},"29":{"start":{"line":60,"column":10},"end":{"line":60,"column":75}},"30":{"start":{"line":64,"column":0},"end":{"line":109,"column":1}},"31":{"start":{"line":65,"column":17},"end":{"line":65,"column":30}},"32":{"start":{"line":67,"column":15},"end":{"line":67,"column":30}},"33":{"start":{"line":69,"column":4},"end":{"line":75,"column":7}},"34":{"start":{"line":70,"column":8},"end":{"line":74,"column":25}},"35":{"start":{"line":77,"column":4},"end":{"line":108,"column":5}},"36":{"start":{"line":79,"column":8},"end":{"line":79,"column":49}},"37":{"start":{"line":80,"column":8},"end":{"line":86,"column":9}},"38":{"start":{"line":87,"column":8},"end":{"line":100,"column":10}},"39":{"start":{"line":88,"column":12},"end":{"line":99,"column":26}},"40":{"start":{"line":103,"column":8},"end":{"line":107,"column":22}},"41":{"start":{"line":111,"column":0},"end":{"line":151,"column":1}},"42":{"start":{"line":112,"column":13},"end":{"line":112,"column":26}},"43":{"start":{"line":113,"column":20},"end":{"line":113,"column":40}},"44":{"start":{"line":115,"column":4},"end":{"line":148,"column":5}},"45":{"start":{"line":116,"column":19},"end":{"line":116,"column":48}},"46":{"start":{"line":117,"column":22},"end":{"line":123,"column":9}},"47":{"start":{"line":125,"column":8},"end":{"line":138,"column":10}},"48":{"start":{"line":126,"column":12},"end":{"line":126,"column":35}},"49":{"start":{"line":127,"column":12},"end":{"line":131,"column":26}},"50":{"start":{"line":133,"column":12},"end":{"line":137,"column":14}},"51":{"start":{"line":142,"column":8},"end":{"line":147,"column":22}}},"fnMap":{"0":{"name":"(anonymous_0)","decl":{"start":{"line":10,"column":24},"end":{"line":10,"column":25}},"loc":{"start":{"line":10,"column":42},"end":{"line":27,"column":1}},"line":10},"1":{"name":"(anonymous_1)","decl":{"start":{"line":29,"column":16},"end":{"line":29,"column":17}},"loc":{"start":{"line":29,"column":32},"end":{"line":56,"column":2}},"line":29},"2":{"name":"(anonymous_2)","decl":{"start":{"line":58,"column":19},"end":{"line":58,"column":20}},"loc":{"start":{"line":58,"column":36},"end":{"line":62,"column":1}},"line":58},"3":{"name":"(anonymous_3)","decl":{"start":{"line":59,"column":29},"end":{"line":59,"column":30}},"loc":{"start":{"line":59,"column":38},"end":{"line":61,"column":7}},"line":59},"4":{"name":"(anonymous_4)","decl":{"start":{"line":64,"column":25},"end":{"line":64,"column":26}},"loc":{"start":{"line":64,"column":42},"end":{"line":109,"column":1}},"line":64},"5":{"name":"(anonymous_5)","decl":{"start":{"line":87,"column":64},"end":{"line":87,"column":65}},"loc":{"start":{"line":87,"column":68},"end":{"line":100,"column":9}},"line":87},"6":{"name":"(anonymous_6)","decl":{"start":{"line":111,"column":24},"end":{"line":111,"column":25}},"loc":{"start":{"line":111,"column":42},"end":{"line":151,"column":1}},"line":111},"7":{"name":"(anonymous_7)","decl":{"start":{"line":125,"column":60},"end":{"line":125,"column":61}},"loc":{"start":{"line":125,"column":64},"end":{"line":132,"column":9}},"line":125},"8":{"name":"(anonymous_8)","decl":{"start":{"line":132,"column":17},"end":{"line":132,"column":18}},"loc":{"start":{"line":132,"column":26},"end":{"line":138,"column":9}},"line":132}},"branchMap":{"0":{"loc":{"start":{"line":12,"column":4},"end":{"line":12,"column":67}},"type":"if","locations":[{"start":{"line":12,"column":4},"end":{"line":12,"column":67}},{"start":{"line":12,"column":4},"end":{"line":12,"column":67}}],"line":12},"1":{"loc":{"start":{"line":32,"column":4},"end":{"line":38,"column":5}},"type":"if","locations":[{"start":{"line":32,"column":4},"end":{"line":38,"column":5}},{"start":{"line":32,"column":4},"end":{"line":38,"column":5}}],"line":32},"2":{"loc":{"start":{"line":41,"column":4},"end":{"line":47,"column":5}},"type":"if","locations":[{"start":{"line":41,"column":4},"end":{"line":47,"column":5}},{"start":{"line":41,"column":4},"end":{"line":47,"column":5}}],"line":41},"3":{"loc":{"start":{"line":69,"column":4},"end":{"line":75,"column":7}},"type":"if","locations":[{"start":{"line":69,"column":4},"end":{"line":75,"column":7}},{"start":{"line":69,"column":4},"end":{"line":75,"column":7}}],"line":69},"4":{"loc":{"start":{"line":69,"column":7},"end":{"line":69,"column":49}},"type":"binary-expr","locations":[{"start":{"line":69,"column":7},"end":{"line":69,"column":22}},{"start":{"line":69,"column":26},"end":{"line":69,"column":49}}],"line":69}},"s":{"0":1,"1":1,"2":1,"3":1,"4":1,"5":1,"6":1,"7":1,"8":1,"9":0,"10":0,"11":0,"12":0,"13":0,"14":0,"15":0,"16":0,"17":0,"18":1,"19":0,"20":0,"21":0,"22":0,"23":0,"24":0,"25":0,"26":0,"27":1,"28":0,"29":0,"30":1,"31":0,"32":0,"33":0,"34":0,"35":0,"36":0,"37":0,"38":0,"39":0,"40":0,"41":1,"42":0,"43":0,"44":0,"45":0,"46":0,"47":0,"48":0,"49":0,"50":0,"51":0},"f":{"0":0,"1":0,"2":0,"3":0,"4":0,"5":0,"6":0,"7":0,"8":0},"b":{"0":[0,0],"1":[0,0],"2":[0,0],"3":[0,0],"4":[0,0]},"_coverageSchema":"1a1c01bbd47fc00a2c39e90264f33305004495a9","hash":"e819cbc842e5afb1c8d2b85a6789f4aacd762cfc"}
,"C:\\Users\\Andela\\Desktop\\musirikare backend\\fidele server\\helper\\validators\\inquiry.validator.js": {"path":"C:\\Users\\Andela\\Desktop\\musirikare backend\\fidele server\\helper\\validators\\inquiry.validator.js","statementMap":{},"fnMap":{},"branchMap":{},"s":{},"f":{},"b":{},"_coverageSchema":"1a1c01bbd47fc00a2c39e90264f33305004495a9","hash":"7131dc6f464a020db88a2b447283cf76b8772f74"}
,"C:\\Users\\Andela\\Desktop\\musirikare backend\\fidele server\\middlewares\\admin.js": {"path":"C:\\Users\\Andela\\Desktop\\musirikare backend\\fidele server\\middlewares\\admin.js","statementMap":{"0":{"start":{"line":1,"column":12},"end":{"line":1,"column":35}},"1":{"start":{"line":2,"column":15},"end":{"line":2,"column":32}},"2":{"start":{"line":4,"column":17},"end":{"line":4,"column":37}},"3":{"start":{"line":5,"column":4},"end":{"line":5,"column":101}},"4":{"start":{"line":5,"column":16},"end":{"line":5,"column":101}},"5":{"start":{"line":7,"column":4},"end":{"line":26,"column":5}},"6":{"start":{"line":8,"column":23},"end":{"line":8,"column":70}},"7":{"start":{"line":9,"column":21},"end":{"line":9,"column":27}},"8":{"start":{"line":10,"column":8},"end":{"line":21,"column":9}},"9":{"start":{"line":11,"column":12},"end":{"line":17,"column":13}},"10":{"start":{"line":12,"column":16},"end":{"line":12,"column":23}},"11":{"start":{"line":15,"column":16},"end":{"line":15,"column":101}},"12":{"start":{"line":20,"column":12},"end":{"line":20,"column":88}},"13":{"start":{"line":25,"column":8},"end":{"line":25,"column":58}},"14":{"start":{"line":28,"column":0},"end":{"line":28,"column":25}}},"fnMap":{"0":{"name":"isAdmin","decl":{"start":{"line":3,"column":9},"end":{"line":3,"column":16}},"loc":{"start":{"line":3,"column":30},"end":{"line":27,"column":1}},"line":3}},"branchMap":{"0":{"loc":{"start":{"line":5,"column":4},"end":{"line":5,"column":101}},"type":"if","locations":[{"start":{"line":5,"column":4},"end":{"line":5,"column":101}},{"start":{"line":5,"column":4},"end":{"line":5,"column":101}}],"line":5},"1":{"loc":{"start":{"line":10,"column":8},"end":{"line":21,"column":9}},"type":"if","locations":[{"start":{"line":10,"column":8},"end":{"line":21,"column":9}},{"start":{"line":10,"column":8},"end":{"line":21,"column":9}}],"line":10},"2":{"loc":{"start":{"line":11,"column":12},"end":{"line":17,"column":13}},"type":"if","locations":[{"start":{"line":11,"column":12},"end":{"line":17,"column":13}},{"start":{"line":11,"column":12},"end":{"line":17,"column":13}}],"line":11}},"s":{"0":1,"1":1,"2":0,"3":0,"4":0,"5":0,"6":0,"7":0,"8":0,"9":0,"10":0,"11":0,"12":0,"13":0,"14":1},"f":{"0":0},"b":{"0":[0,0],"1":[0,0],"2":[0,0]},"_coverageSchema":"1a1c01bbd47fc00a2c39e90264f33305004495a9","hash":"6b7a82d9931b885eb728a0b8e082f265cc2d202f"}
,"C:\\Users\\Andela\\Desktop\\musirikare backend\\fidele server\\middlewares\\auth.js": {"path":"C:\\Users\\Andela\\Desktop\\musirikare backend\\fidele server\\middlewares\\auth.js","statementMap":{"0":{"start":{"line":1,"column":12},"end":{"line":1,"column":35}},"1":{"start":{"line":2,"column":15},"end":{"line":2,"column":32}},"2":{"start":{"line":5,"column":17},"end":{"line":5,"column":37}},"3":{"start":{"line":6,"column":4},"end":{"line":6,"column":101}},"4":{"start":{"line":6,"column":16},"end":{"line":6,"column":101}},"5":{"start":{"line":8,"column":4},"end":{"line":21,"column":5}},"6":{"start":{"line":9,"column":23},"end":{"line":9,"column":70}},"7":{"start":{"line":10,"column":21},"end":{"line":10,"column":27}},"8":{"start":{"line":11,"column":8},"end":{"line":16,"column":9}},"9":{"start":{"line":12,"column":12},"end":{"line":12,"column":19}},"10":{"start":{"line":15,"column":12},"end":{"line":15,"column":88}},"11":{"start":{"line":20,"column":8},"end":{"line":20,"column":58}},"12":{"start":{"line":24,"column":0},"end":{"line":24,"column":22}}},"fnMap":{"0":{"name":"auth","decl":{"start":{"line":4,"column":9},"end":{"line":4,"column":13}},"loc":{"start":{"line":4,"column":27},"end":{"line":22,"column":1}},"line":4}},"branchMap":{"0":{"loc":{"start":{"line":6,"column":4},"end":{"line":6,"column":101}},"type":"if","locations":[{"start":{"line":6,"column":4},"end":{"line":6,"column":101}},{"start":{"line":6,"column":4},"end":{"line":6,"column":101}}],"line":6},"1":{"loc":{"start":{"line":11,"column":8},"end":{"line":16,"column":9}},"type":"if","locations":[{"start":{"line":11,"column":8},"end":{"line":16,"column":9}},{"start":{"line":11,"column":8},"end":{"line":16,"column":9}}],"line":11}},"s":{"0":1,"1":1,"2":1,"3":1,"4":1,"5":0,"6":0,"7":0,"8":0,"9":0,"10":0,"11":0,"12":1},"f":{"0":1},"b":{"0":[1,0],"1":[0,0]},"_coverageSchema":"1a1c01bbd47fc00a2c39e90264f33305004495a9","hash":"80a8cd918cfc6d545bc3e52afb559d27a42311af"}
,"C:\\Users\\Andela\\Desktop\\musirikare backend\\fidele server\\modals\\blogs.modal.js": {"path":"C:\\Users\\Andela\\Desktop\\musirikare backend\\fidele server\\modals\\blogs.modal.js","statementMap":{"0":{"start":{"line":1,"column":17},"end":{"line":1,"column":36}},"1":{"start":{"line":2,"column":19},"end":{"line":21,"column":2}},"2":{"start":{"line":23,"column":13},"end":{"line":23,"column":46}},"3":{"start":{"line":24,"column":0},"end":{"line":24,"column":22}}},"fnMap":{},"branchMap":{},"s":{"0":1,"1":1,"2":1,"3":1},"f":{},"b":{},"_coverageSchema":"1a1c01bbd47fc00a2c39e90264f33305004495a9","hash":"8a03dd6d5f525ae2aaa79c655f4a53df1d99cb85"}
,"C:\\Users\\Andela\\Desktop\\musirikare backend\\fidele server\\modals\\inquiry.modal.js": {"path":"C:\\Users\\Andela\\Desktop\\musirikare backend\\fidele server\\modals\\inquiry.modal.js","statementMap":{"0":{"start":{"line":1,"column":17},"end":{"line":1,"column":36}},"1":{"start":{"line":2,"column":22},"end":{"line":24,"column":2}},"2":{"start":{"line":26,"column":16},"end":{"line":26,"column":55}},"3":{"start":{"line":27,"column":0},"end":{"line":27,"column":33}}},"fnMap":{},"branchMap":{},"s":{"0":1,"1":1,"2":1,"3":1},"f":{},"b":{},"_coverageSchema":"1a1c01bbd47fc00a2c39e90264f33305004495a9","hash":"f8ceb4fa9d4c588c107cd473812e81428770a372"}
,"C:\\Users\\Andela\\Desktop\\musirikare backend\\fidele server\\modals\\users.modal.js": {"path":"C:\\Users\\Andela\\Desktop\\musirikare backend\\fidele server\\modals\\users.modal.js","statementMap":{"0":{"start":{"line":1,"column":17},"end":{"line":1,"column":31}},"1":{"start":{"line":2,"column":17},"end":{"line":2,"column":36}},"2":{"start":{"line":3,"column":19},"end":{"line":26,"column":2}},"3":{"start":{"line":28,"column":13},"end":{"line":28,"column":50}},"4":{"start":{"line":29,"column":0},"end":{"line":29,"column":27}}},"fnMap":{},"branchMap":{},"s":{"0":1,"1":1,"2":1,"3":1,"4":1},"f":{},"b":{},"_coverageSchema":"1a1c01bbd47fc00a2c39e90264f33305004495a9","hash":"410738b7615ae8e3954e3f85f4d3e459d5492964"}
,"C:\\Users\\Andela\\Desktop\\musirikare backend\\fidele server\\routers\\blogs.routes.js": {"path":"C:\\Users\\Andela\\Desktop\\musirikare backend\\fidele server\\routers\\blogs.routes.js","statementMap":{"0":{"start":{"line":1,"column":16},"end":{"line":1,"column":34}},"1":{"start":{"line":2,"column":15},"end":{"line":2,"column":31}},"2":{"start":{"line":3,"column":24},"end":{"line":3,"column":54}},"3":{"start":{"line":4,"column":64},"end":{"line":4,"column":106}},"4":{"start":{"line":6,"column":0},"end":{"line":6,"column":53}},"5":{"start":{"line":8,"column":0},"end":{"line":8,"column":33}},"6":{"start":{"line":10,"column":0},"end":{"line":10,"column":39}},"7":{"start":{"line":12,"column":0},"end":{"line":12,"column":58}},"8":{"start":{"line":14,"column":0},"end":{"line":14,"column":58}},"9":{"start":{"line":16,"column":0},"end":{"line":16,"column":24}}},"fnMap":{},"branchMap":{},"s":{"0":1,"1":1,"2":1,"3":1,"4":1,"5":1,"6":1,"7":1,"8":1,"9":1},"f":{},"b":{},"_coverageSchema":"1a1c01bbd47fc00a2c39e90264f33305004495a9","hash":"08f97c99bc7e78e92cdb23d5f9e7a1a77a5d3789"}
,"C:\\Users\\Andela\\Desktop\\musirikare backend\\fidele server\\routers\\inquiries.routes.js": {"path":"C:\\Users\\Andela\\Desktop\\musirikare backend\\fidele server\\routers\\inquiries.routes.js","statementMap":{"0":{"start":{"line":1,"column":16},"end":{"line":1,"column":34}},"1":{"start":{"line":2,"column":15},"end":{"line":2,"column":31}},"2":{"start":{"line":4,"column":0},"end":{"line":4,"column":46}},"3":{"start":{"line":5,"column":16},"end":{"line":5,"column":47}},"4":{"start":{"line":7,"column":0},"end":{"line":7,"column":41}},"5":{"start":{"line":8,"column":0},"end":{"line":8,"column":52}},"6":{"start":{"line":9,"column":0},"end":{"line":9,"column":62}},"7":{"start":{"line":10,"column":0},"end":{"line":10,"column":57}},"8":{"start":{"line":11,"column":0},"end":{"line":11,"column":78}},"9":{"start":{"line":14,"column":0},"end":{"line":14,"column":24}}},"fnMap":{},"branchMap":{},"s":{"0":1,"1":1,"2":1,"3":1,"4":1,"5":1,"6":1,"7":1,"8":1,"9":1},"f":{},"b":{},"_coverageSchema":"1a1c01bbd47fc00a2c39e90264f33305004495a9","hash":"2a31b7555a639d6bb6604e31ed016d7349dc84de"}
,"C:\\Users\\Andela\\Desktop\\musirikare backend\\fidele server\\routers\\user.router.js": {"path":"C:\\Users\\Andela\\Desktop\\musirikare backend\\fidele server\\routers\\user.router.js","statementMap":{"0":{"start":{"line":2,"column":17},"end":{"line":2,"column":35}},"1":{"start":{"line":3,"column":15},"end":{"line":3,"column":31}},"2":{"start":{"line":4,"column":23},"end":{"line":4,"column":53}},"3":{"start":{"line":5,"column":16},"end":{"line":5,"column":47}},"4":{"start":{"line":6,"column":70},"end":{"line":6,"column":111}},"5":{"start":{"line":9,"column":0},"end":{"line":9,"column":37}},"6":{"start":{"line":11,"column":0},"end":{"line":11,"column":29}},"7":{"start":{"line":13,"column":0},"end":{"line":13,"column":33}},"8":{"start":{"line":15,"column":0},"end":{"line":15,"column":71}},"9":{"start":{"line":17,"column":0},"end":{"line":17,"column":63}},"10":{"start":{"line":20,"column":0},"end":{"line":20,"column":24}}},"fnMap":{},"branchMap":{},"s":{"0":1,"1":1,"2":1,"3":1,"4":1,"5":1,"6":1,"7":1,"8":1,"9":1,"10":1},"f":{},"b":{},"_coverageSchema":"1a1c01bbd47fc00a2c39e90264f33305004495a9","hash":"00d913e2ef7ababff41ced0517ec4f7a69daef20"}
,"C:\\Users\\Andela\\Desktop\\musirikare backend\\fidele server\\utils\\auth.currentUser.js": {"path":"C:\\Users\\Andela\\Desktop\\musirikare backend\\fidele server\\utils\\auth.currentUser.js","statementMap":{"0":{"start":{"line":1,"column":12},"end":{"line":1,"column":35}},"1":{"start":{"line":2,"column":15},"end":{"line":2,"column":32}},"2":{"start":{"line":5,"column":17},"end":{"line":5,"column":37}},"3":{"start":{"line":6,"column":4},"end":{"line":6,"column":101}},"4":{"start":{"line":6,"column":16},"end":{"line":6,"column":101}},"5":{"start":{"line":8,"column":4},"end":{"line":21,"column":5}},"6":{"start":{"line":9,"column":23},"end":{"line":9,"column":70}},"7":{"start":{"line":10,"column":21},"end":{"line":10,"column":27}},"8":{"start":{"line":11,"column":8},"end":{"line":16,"column":9}},"9":{"start":{"line":12,"column":11},"end":{"line":12,"column":23}},"10":{"start":{"line":15,"column":12},"end":{"line":15,"column":88}},"11":{"start":{"line":20,"column":8},"end":{"line":20,"column":58}},"12":{"start":{"line":24,"column":0},"end":{"line":24,"column":29}}},"fnMap":{"0":{"name":"currentUser","decl":{"start":{"line":4,"column":9},"end":{"line":4,"column":20}},"loc":{"start":{"line":4,"column":29},"end":{"line":22,"column":1}},"line":4}},"branchMap":{"0":{"loc":{"start":{"line":6,"column":4},"end":{"line":6,"column":101}},"type":"if","locations":[{"start":{"line":6,"column":4},"end":{"line":6,"column":101}},{"start":{"line":6,"column":4},"end":{"line":6,"column":101}}],"line":6},"1":{"loc":{"start":{"line":11,"column":8},"end":{"line":16,"column":9}},"type":"if","locations":[{"start":{"line":11,"column":8},"end":{"line":16,"column":9}},{"start":{"line":11,"column":8},"end":{"line":16,"column":9}}],"line":11}},"s":{"0":1,"1":1,"2":0,"3":0,"4":0,"5":0,"6":0,"7":0,"8":0,"9":0,"10":0,"11":0,"12":1},"f":{"0":0},"b":{"0":[0,0],"1":[0,0]},"_coverageSchema":"1a1c01bbd47fc00a2c39e90264f33305004495a9","hash":"078640839f5c75381d8585a933de2cfc14969eb8"}
,"C:\\Users\\Andela\\Desktop\\musirikare backend\\fidele server\\utils\\date.js": {"path":"C:\\Users\\Andela\\Desktop\\musirikare backend\\fidele server\\utils\\date.js","statementMap":{"0":{"start":{"line":3,"column":15},"end":{"line":3,"column":25}},"1":{"start":{"line":4,"column":16},"end":{"line":4,"column":77}},"2":{"start":{"line":5,"column":4},"end":{"line":5,"column":17}},"3":{"start":{"line":8,"column":0},"end":{"line":8,"column":31}}},"fnMap":{"0":{"name":"getCurrentDate","decl":{"start":{"line":1,"column":9},"end":{"line":1,"column":23}},"loc":{"start":{"line":1,"column":25},"end":{"line":6,"column":1}},"line":1}},"branchMap":{},"s":{"0":0,"1":0,"2":0,"3":1},"f":{"0":0},"b":{},"_coverageSchema":"1a1c01bbd47fc00a2c39e90264f33305004495a9","hash":"d54cc7407c919163d81bcff5e9ede5b891f73a3d"}
,"C:\\Users\\Andela\\Desktop\\musirikare backend\\fidele server\\utils\\hassPassword.js": {"path":"C:\\Users\\Andela\\Desktop\\musirikare backend\\fidele server\\utils\\hassPassword.js","statementMap":{"0":{"start":{"line":1,"column":15},"end":{"line":1,"column":34}},"1":{"start":{"line":3,"column":15},"end":{"line":3,"column":38}},"2":{"start":{"line":4,"column":4},"end":{"line":4,"column":38}},"3":{"start":{"line":6,"column":0},"end":{"line":6,"column":30}}},"fnMap":{"0":{"name":"hashpassword","decl":{"start":{"line":2,"column":15},"end":{"line":2,"column":27}},"loc":{"start":{"line":2,"column":37},"end":{"line":5,"column":1}},"line":2}},"branchMap":{},"s":{"0":1,"1":0,"2":0,"3":1},"f":{"0":0},"b":{},"_coverageSchema":"1a1c01bbd47fc00a2c39e90264f33305004495a9","hash":"29bc343a90694a3eaa73c16c6176db2c4b87b75f"}
,"C:\\Users\\Andela\\Desktop\\musirikare backend\\fidele server\\utils\\jwtSigner.js": {"path":"C:\\Users\\Andela\\Desktop\\musirikare backend\\fidele server\\utils\\jwtSigner.js","statementMap":{"0":{"start":{"line":1,"column":15},"end":{"line":1,"column":32}},"1":{"start":{"line":2,"column":12},"end":{"line":2,"column":35}},"2":{"start":{"line":3,"column":17},"end":{"line":3,"column":49}},"3":{"start":{"line":6,"column":4},"end":{"line":6,"column":31}},"4":{"start":{"line":7,"column":16},"end":{"line":7,"column":58}},"5":{"start":{"line":8,"column":4},"end":{"line":8,"column":17}},"6":{"start":{"line":11,"column":0},"end":{"line":11,"column":27}}},"fnMap":{"0":{"name":"jwtSigner","decl":{"start":{"line":5,"column":9},"end":{"line":5,"column":18}},"loc":{"start":{"line":5,"column":24},"end":{"line":9,"column":1}},"line":5}},"branchMap":{},"s":{"0":1,"1":1,"2":1,"3":0,"4":0,"5":0,"6":1},"f":{"0":0},"b":{},"_coverageSchema":"1a1c01bbd47fc00a2c39e90264f33305004495a9","hash":"4cb4fdf86340d6ce92691006032442517447b69e"}
,"C:\\Users\\Andela\\Desktop\\musirikare backend\\fidele server\\utils\\uniqueId.js": {"path":"C:\\Users\\Andela\\Desktop\\musirikare backend\\fidele server\\utils\\uniqueId.js","statementMap":{"0":{"start":{"line":2,"column":13},"end":{"line":2,"column":33}},"1":{"start":{"line":3,"column":15},"end":{"line":7,"column":6}},"2":{"start":{"line":4,"column":16},"end":{"line":4,"column":46}},"3":{"start":{"line":5,"column":8},"end":{"line":5,"column":31}},"4":{"start":{"line":6,"column":8},"end":{"line":6,"column":54}},"5":{"start":{"line":8,"column":4},"end":{"line":8,"column":16}},"6":{"start":{"line":10,"column":0},"end":{"line":10,"column":38}}},"fnMap":{"0":{"name":"create_UUID","decl":{"start":{"line":1,"column":9},"end":{"line":1,"column":20}},"loc":{"start":{"line":1,"column":22},"end":{"line":9,"column":1}},"line":1},"1":{"name":"(anonymous_1)","decl":{"start":{"line":3,"column":71},"end":{"line":3,"column":72}},"loc":{"start":{"line":3,"column":83},"end":{"line":7,"column":5}},"line":3}},"branchMap":{"0":{"loc":{"start":{"line":6,"column":16},"end":{"line":6,"column":39}},"type":"cond-expr","locations":[{"start":{"line":6,"column":25},"end":{"line":6,"column":26}},{"start":{"line":6,"column":29},"end":{"line":6,"column":38}}],"line":6}},"s":{"0":0,"1":0,"2":0,"3":0,"4":0,"5":0,"6":1},"f":{"0":0,"1":0},"b":{"0":[0,0]},"_coverageSchema":"1a1c01bbd47fc00a2c39e90264f33305004495a9","hash":"1e963fae07af516d37a80db621e22f3df4471f8d"}
}
