TN:
SF:app.js
FN:14,(anonymous_0)
FNF:1
FNH:0
FNDA:0,(anonymous_0)
DA:1,3
DA:2,3
DA:3,3
DA:4,3
DA:5,3
DA:6,3
DA:8,3
DA:11,3
DA:12,3
DA:14,3
DA:15,0
DA:17,3
DA:18,3
DA:19,3
DA:21,3
LF:15
LH:14
BRF:0
BRH:0
end_of_record
TN:
SF:controllers\blogs.controller.js
FN:10,(anonymous_0)
FN:19,(anonymous_1)
FN:20,(anonymous_2)
FN:36,(anonymous_3)
FN:41,(anonymous_4)
FN:54,(anonymous_5)
FN:55,(anonymous_6)
FN:56,(anonymous_7)
FN:74,(anonymous_8)
FN:106,(anonymous_9)
FN:122,(anonymous_10)
FN:127,(anonymous_11)
FN:149,(anonymous_12)
FN:163,(anonymous_13)
FNF:14
FNH:1
FNDA:0,(anonymous_0)
FNDA:0,(anonymous_1)
FNDA:0,(anonymous_2)
FNDA:0,(anonymous_3)
FNDA:2,(anonymous_4)
FNDA:0,(anonymous_5)
FNDA:0,(anonymous_6)
FNDA:0,(anonymous_7)
FNDA:0,(anonymous_8)
FNDA:0,(anonymous_9)
FNDA:0,(anonymous_10)
FNDA:0,(anonymous_11)
FNDA:0,(anonymous_12)
FNDA:0,(anonymous_13)
DA:1,3
DA:2,3
DA:3,3
DA:4,3
DA:5,3
DA:6,3
DA:7,3
DA:10,3
DA:11,0
DA:12,0
DA:14,0
DA:15,0
DA:16,0
DA:17,0
DA:19,0
DA:20,0
DA:21,0
DA:37,0
DA:41,3
DA:42,2
DA:43,2
DA:45,2
DA:47,1
DA:49,0
DA:54,3
DA:55,0
DA:56,0
DA:57,0
DA:74,3
DA:75,0
DA:77,0
DA:78,0
DA:81,0
DA:89,0
DA:90,0
DA:91,0
DA:98,0
DA:106,0
DA:107,0
DA:123,0
DA:127,3
DA:128,0
DA:131,0
DA:133,0
DA:140,0
DA:141,0
DA:142,0
DA:149,0
DA:150,0
DA:164,0
LF:50
LH:16
BRDA:45,0,0,1
BRDA:45,0,1,1
BRDA:90,1,0,0
BRDA:90,1,1,0
BRDA:90,2,0,0
BRDA:90,2,1,0
BRDA:133,3,0,0
BRDA:133,3,1,0
BRDA:141,4,0,0
BRDA:141,4,1,0
BRDA:141,5,0,0
BRDA:141,5,1,0
BRF:12
BRH:2
end_of_record
TN:
SF:controllers\inquiries.controller.js
FN:6,(anonymous_0)
FN:20,(anonymous_1)
FN:27,(anonymous_2)
FN:37,(anonymous_3)
FN:38,(anonymous_4)
FN:44,(anonymous_5)
FN:53,(anonymous_6)
FN:56,(anonymous_7)
FN:62,(anonymous_8)
FN:71,(anonymous_9)
FN:74,(anonymous_10)
FN:80,(anonymous_11)
FN:89,(anonymous_12)
FN:121,(anonymous_13)
FN:136,(anonymous_14)
FNF:15
FNH:0
FNDA:0,(anonymous_0)
FNDA:0,(anonymous_1)
FNDA:0,(anonymous_2)
FNDA:0,(anonymous_3)
FNDA:0,(anonymous_4)
FNDA:0,(anonymous_5)
FNDA:0,(anonymous_6)
FNDA:0,(anonymous_7)
FNDA:0,(anonymous_8)
FNDA:0,(anonymous_9)
FNDA:0,(anonymous_10)
FNDA:0,(anonymous_11)
FNDA:0,(anonymous_12)
FNDA:0,(anonymous_13)
FNDA:0,(anonymous_14)
DA:1,3
DA:2,3
DA:3,3
DA:6,3
DA:8,0
DA:15,0
DA:16,0
DA:17,0
DA:18,0
DA:19,0
DA:20,0
DA:21,0
DA:28,0
DA:37,3
DA:38,0
DA:39,0
DA:45,0
DA:53,3
DA:54,0
DA:56,0
DA:57,0
DA:63,0
DA:71,3
DA:72,0
DA:74,0
DA:75,0
DA:81,0
DA:89,3
DA:90,0
DA:91,0
DA:93,0
DA:94,0
DA:98,0
DA:105,0
DA:106,0
DA:113,0
DA:121,0
DA:122,0
DA:137,0
LF:39
LH:8
BRDA:105,0,0,0
BRDA:105,0,1,0
BRDA:105,1,0,0
BRDA:105,1,1,0
BRF:4
BRH:0
end_of_record
TN:
SF:controllers\user.controller.js
FN:10,(anonymous_0)
FN:29,(anonymous_1)
FN:58,(anonymous_2)
FN:59,(anonymous_3)
FN:64,(anonymous_4)
FN:87,(anonymous_5)
FN:111,(anonymous_6)
FN:125,(anonymous_7)
FN:132,(anonymous_8)
FNF:9
FNH:4
FNDA:4,(anonymous_0)
FNDA:3,(anonymous_1)
FNDA:1,(anonymous_2)
FNDA:1,(anonymous_3)
FNDA:0,(anonymous_4)
FNDA:0,(anonymous_5)
FNDA:0,(anonymous_6)
FNDA:0,(anonymous_7)
FNDA:0,(anonymous_8)
DA:1,3
DA:2,3
DA:3,3
DA:4,3
DA:5,3
DA:6,3
DA:7,3
DA:8,3
DA:10,3
DA:11,4
DA:12,4
DA:14,4
DA:15,4
DA:16,4
DA:17,4
DA:19,4
DA:20,4
DA:29,3
DA:30,3
DA:32,3
DA:33,1
DA:40,2
DA:41,2
DA:42,1
DA:48,1
DA:49,1
DA:58,3
DA:59,1
DA:60,1
DA:64,3
DA:65,0
DA:67,0
DA:69,0
DA:70,0
DA:77,0
DA:79,0
DA:80,0
DA:87,0
DA:88,0
DA:103,0
DA:111,3
DA:112,0
DA:113,0
DA:115,0
DA:116,0
DA:117,0
DA:125,0
DA:126,0
DA:127,0
DA:133,0
DA:142,0
LF:51
LH:31
BRDA:12,0,0,0
BRDA:12,0,1,4
BRDA:32,1,0,1
BRDA:32,1,1,2
BRDA:41,2,0,1
BRDA:41,2,1,1
BRDA:69,3,0,0
BRDA:69,3,1,0
BRDA:69,4,0,0
BRDA:69,4,1,0
BRF:10
BRH:5
end_of_record
TN:
SF:helper\validators\inquiry.validator.js
FNF:0
FNH:0
LF:0
LH:0
BRF:0
BRH:0
end_of_record
TN:
SF:middlewares\admin.js
FN:3,isAdmin
FNF:1
FNH:1
FNDA:2,isAdmin
DA:1,3
DA:2,3
DA:4,2
DA:5,2
DA:7,0
DA:8,0
DA:9,0
DA:10,0
DA:11,0
DA:12,0
DA:15,0
DA:20,0
DA:25,0
DA:28,3
LF:14
LH:5
BRDA:5,0,0,2
BRDA:5,0,1,0
BRDA:10,1,0,0
BRDA:10,1,1,0
BRDA:11,2,0,0
BRDA:11,2,1,0
BRF:6
BRH:1
end_of_record
TN:
SF:middlewares\auth.js
FN:4,auth
FNF:1
FNH:1
FNDA:3,auth
DA:1,3
DA:2,3
DA:5,3
DA:6,3
DA:8,0
DA:9,0
DA:10,0
DA:11,0
DA:12,0
DA:15,0
DA:20,0
DA:24,3
LF:12
LH:5
BRDA:6,0,0,3
BRDA:6,0,1,0
BRDA:11,1,0,0
BRDA:11,1,1,0
BRF:4
BRH:1
end_of_record
TN:
SF:modals\blogs.modal.js
FNF:0
FNH:0
DA:1,3
DA:2,3
DA:23,3
DA:24,3
LF:4
LH:4
BRF:0
BRH:0
end_of_record
TN:
SF:modals\inquiry.modal.js
FNF:0
FNH:0
DA:1,3
DA:2,3
DA:26,3
DA:27,3
LF:4
LH:4
BRF:0
BRH:0
end_of_record
TN:
SF:modals\users.modal.js
FNF:0
FNH:0
DA:1,3
DA:2,3
DA:3,3
DA:28,3
DA:29,3
LF:5
LH:5
BRF:0
BRH:0
end_of_record
TN:
SF:routers\blogs.routes.js
FNF:0
FNH:0
DA:1,3
DA:2,3
DA:3,3
DA:4,3
DA:6,3
DA:8,3
DA:10,3
DA:12,3
DA:14,3
DA:16,3
LF:10
LH:10
BRF:0
BRH:0
end_of_record
TN:
SF:routers\inquiries.routes.js
FNF:0
FNH:0
DA:1,3
DA:2,3
DA:4,3
DA:5,3
DA:7,3
DA:8,3
DA:9,3
DA:10,3
DA:11,3
DA:14,3
LF:10
LH:10
BRF:0
BRH:0
end_of_record
TN:
SF:routers\user.router.js
FNF:0
FNH:0
DA:2,3
DA:3,3
DA:4,3
DA:5,3
DA:6,3
DA:9,3
DA:11,3
DA:13,3
DA:15,3
DA:17,3
DA:20,3
LF:11
LH:11
BRF:0
BRH:0
end_of_record
TN:
SF:utils\auth.currentUser.js
FN:4,currentUser
FNF:1
FNH:0
FNDA:0,currentUser
DA:1,3
DA:2,3
DA:5,0
DA:6,0
DA:8,0
DA:9,0
DA:10,0
DA:11,0
DA:12,0
DA:15,0
DA:20,0
DA:24,3
LF:12
LH:3
BRDA:6,0,0,0
BRDA:6,0,1,0
BRDA:11,1,0,0
BRDA:11,1,1,0
BRF:4
BRH:0
end_of_record
TN:
SF:utils\date.js
FN:1,getCurrentDate
FNF:1
FNH:1
FNDA:4,getCurrentDate
DA:3,4
DA:4,4
DA:5,4
DA:8,3
LF:4
LH:4
BRF:0
BRH:0
end_of_record
TN:
SF:utils\hassPassword.js
FN:2,hashpassword
FNF:1
FNH:1
FNDA:4,hashpassword
DA:1,3
DA:3,4
DA:4,4
DA:6,3
LF:4
LH:4
BRF:0
BRH:0
end_of_record
TN:
SF:utils\jwtSigner.js
FN:5,jwtSigner
FNF:1
FNH:1
FNDA:1,jwtSigner
DA:1,3
DA:2,3
DA:3,3
DA:6,1
DA:7,1
DA:8,1
DA:11,3
LF:7
LH:7
BRF:0
BRH:0
end_of_record
TN:
SF:utils\uniqueId.js
FN:1,create_UUID
FN:3,(anonymous_1)
FNF:2
FNH:0
FNDA:0,create_UUID
FNDA:0,(anonymous_1)
DA:2,0
DA:3,0
DA:4,0
DA:5,0
DA:6,0
DA:8,0
DA:10,3
LF:7
LH:1
BRDA:6,0,0,0
BRDA:6,0,1,0
BRF:2
BRH:0
end_of_record
